<?xml version="1.0" encoding="UTF-8"?>
<testsuites>
  <testsuite className="DIContainerTests" name="Infor\Hiro\Tests\DIContainerTest" file="/home/pipelines/workspace/src/github.com/vidyar/hiro/tests/DIContainerTest.php" tests="2" assertions="2" failures="0" errors="0" time="0.05">
    <testcase name="testWithString" class="Infor\Hiro\Tests\DIContainerTest" file="/home/pipelines/workspace/src/github.com/vidyar/hiro/tests/DIContainerTest.php" line="7" assertions="1" time="0.02"/>
    <testcase name="testWithClosure" class="Infor\Hiro\Tests\DIContainerTest" file="/home/pipelines/workspace/src/github.com/vidyar/hiro/tests/DIContainerTest.php" line="15" assertions="1" time="0.03"/>
  </testsuite>
  <testsuite name="ServiceContainerTest" class="ServiceContainerTests" file="/home/pipelines/workspace/src/github.com/vidyar/hiro/tests/ServiceContainerTest.php" tests="2" assertions="3" failures="0" errors="0" time="0.14">
    <testcase name="testWithArgument" class="ServiceContainerTest" file="/home/pipelines/workspace/src/github.com/vidyar/hiro/tests/ServiceContainerTest.php" line="5" assertions="1" time="0.08"/>
    <testcase name="testWithCall" class="ServiceContainerTest" file="/home/pipelines/workspace/src/github.com/vidyar/hiro/tests/ServiceContainerTest.php" line="13" assertions="2" time="0.04"/>
    <testcase name="skippedtestCase" time="0.02">
      <skipped/>
    </testcase>
  </testsuite>
</testsuites>
